------------------------------------------------------------------------------------------------------------------------

[2023-01-26 11:46:25 #1 store] 
Database 'C:\Users\Administrateur\eclipse-workspace\GazMonkeyGarage DB\gazmonkey.odb' is opened by 12420@UTILISA-FOR22SK

[2023-01-26 11:46:25 #2 store] 
Configuration path: ?

[2023-01-26 11:46:25 #3 type] 
Type modelos.Trabajo is not enhanced.

[2023-01-26 11:46:25 #4 type] 
Type modelos.Revision is not enhanced.

[2023-01-26 11:46:25 #5 store] 
Database 'C:\Users\Administrateur\eclipse-workspace\GazMonkeyGarage DB\gazmonkey.odb' is closed by 12420@UTILISA-FOR22SK

[2023-01-26 11:46:25 #6 store] 
Database 'C:\Users\Administrateur\eclipse-workspace\GazMonkeyGarage DB\gazmonkey.odb' is opened by 12420@UTILISA-FOR22SK

[2023-01-26 11:46:25 #7 store] 
Configuration path: ?

[2023-01-26 11:46:25 #8 store] 
Database 'C:\Users\Administrateur\eclipse-workspace\GazMonkeyGarage DB\gazmonkey.odb' is closed by 12420@UTILISA-FOR22SK

------------------------------------------------------------------------------------------------------------------------

[2023-01-26 11:47:31 #1 store] 
Database 'C:\Users\Administrateur\eclipse-workspace\GazMonkeyGarage DB\gazmonkey_objectDB.odb' is opened by 172@UTILISA-FOR22SK

[2023-01-26 11:47:31 #2 store] 
Configuration path: ?

[2023-01-26 11:47:31 #3 type] 
Type modelos.Trabajo is not enhanced.

[2023-01-26 11:47:31 #4 type] 
Type modelos.Revision is not enhanced.

[2023-01-26 11:47:31 #5 store] 
Database 'C:\Users\Administrateur\eclipse-workspace\GazMonkeyGarage DB\gazmonkey_objectDB.odb' is closed by 172@UTILISA-FOR22SK

[2023-01-26 11:47:31 #6 store] 
Database 'C:\Users\Administrateur\eclipse-workspace\GazMonkeyGarage DB\gazmonkey_objectDB.odb' is opened by 172@UTILISA-FOR22SK

[2023-01-26 11:47:31 #7 store] 
Configuration path: ?

[2023-01-26 11:47:31 #8 store] 
Database 'C:\Users\Administrateur\eclipse-workspace\GazMonkeyGarage DB\gazmonkey_objectDB.odb' is closed by 172@UTILISA-FOR22SK

------------------------------------------------------------------------------------------------------------------------

[2023-01-26 12:08:47 #1 store] 
Database 'C:\Users\Administrateur\eclipse-workspace\GazMonkeyGarage DB\gazmonkey_objectDB.odb' is opened by 12128@UTILISA-FOR22SK

[2023-01-26 12:08:47 #2 store] 
Configuration path: ?

[2023-01-26 12:08:47 #3 type] 
Type modelos.Trabajo is not enhanced.

[2023-01-26 12:08:47 #4 type] 
Type modelos.Revision is not enhanced.

------------------------------------------------------------------------------------------------------------------------

[2023-01-26 12:11:36 #1 store] 
Database 'C:\Users\Administrateur\eclipse-workspace\GazMonkeyGarage DB\gazmonkey_objectDB.odb' is opened by 13932@UTILISA-FOR22SK

[2023-01-26 12:11:36 #2 store] 
Configuration path: ?

[2023-01-26 12:11:36 #3 type] 
Type modelos.Trabajo is not enhanced.

[2023-01-26 12:11:36 #4 type] 
Type modelos.Revision is not enhanced.

------------------------------------------------------------------------------------------------------------------------

[2023-01-26 12:13:31 #1 store] 
Database 'C:\Users\Administrateur\eclipse-workspace\GazMonkeyGarage DB\gazmonkey_objectDB.odb' is opened by 8116@UTILISA-FOR22SK

[2023-01-26 12:13:31 #2 store] 
Configuration path: ?

[2023-01-26 12:13:31 #3 type] 
Type modelos.Trabajo is not enhanced.

[2023-01-26 12:13:32 #4 type] 
Type modelos.Revision is not enhanced.

------------------------------------------------------------------------------------------------------------------------

[2023-01-26 12:16:03 #1 store] 
Database 'C:\Users\Administrateur\eclipse-workspace\GazMonkeyGarage DB\gazmonkey_objectDB.odb' is opened by 9172@UTILISA-FOR22SK

[2023-01-26 12:16:03 #2 store] 
Configuration path: ?

------------------------------------------------------------------------------------------------------------------------

[2023-01-26 12:21:24 #1 store] 
Database 'C:\Users\Administrateur\eclipse-workspace\GazMonkeyGarage DB\gazmonkey_objectDB.odb' is opened by 7800@UTILISA-FOR22SK

[2023-01-26 12:21:24 #2 store] 
Configuration path: ?

[2023-01-26 12:21:25 #3 type] 
Type modelos.Trabajo is not enhanced.

[2023-01-26 12:21:25 #4 type] 
Type modelos.Revision is not enhanced.

[2023-01-26 12:21:25 #5 store] 
Database 'C:\Users\Administrateur\eclipse-workspace\GazMonkeyGarage DB\gazmonkey_objectDB.odb' is closed by 7800@UTILISA-FOR22SK

[2023-01-26 12:21:25 #6 store] 
Database 'C:\Users\Administrateur\eclipse-workspace\GazMonkeyGarage DB\gazmonkey_objectDB.odb' is opened by 7800@UTILISA-FOR22SK

[2023-01-26 12:21:25 #7 store] 
Configuration path: ?

[2023-01-26 12:21:25 #8 store] 
Database 'C:\Users\Administrateur\eclipse-workspace\GazMonkeyGarage DB\gazmonkey_objectDB.odb' is closed by 7800@UTILISA-FOR22SK

------------------------------------------------------------------------------------------------------------------------

[2023-01-26 12:22:15 #1 store] 
Database 'C:\Users\Administrateur\eclipse-workspace\GazMonkeyGarage DB\gazmonkey_objectDB.odb' is opened by 1772@UTILISA-FOR22SK

[2023-01-26 12:22:15 #2 store] 
Configuration path: ?

[2023-01-26 12:22:15 #3 type] 
Type modelos.Trabajo is not enhanced.

[2023-01-26 12:22:15 #4 type] 
Type modelos.Revision is not enhanced.

------------------------------------------------------------------------------------------------------------------------

[2023-01-26 12:24:18 #1 store] 
Database 'C:\Users\Administrateur\eclipse-workspace\GazMonkeyGarage DB\gazmonkey_objectDB.odb' is opened by 12528@UTILISA-FOR22SK

[2023-01-26 12:24:18 #2 store] 
Configuration path: ?

[2023-01-26 12:24:18 #3 type] 
Type modelos.Trabajo is not enhanced.

[2023-01-26 12:24:18 #4 type] 
Type modelos.Revision is not enhanced.

[2023-01-26 12:24:18 #5 store] 
Database 'C:\Users\Administrateur\eclipse-workspace\GazMonkeyGarage DB\gazmonkey_objectDB.odb' is closed by 12528@UTILISA-FOR22SK

[2023-01-26 12:24:18 #6 store] 
Database 'C:\Users\Administrateur\eclipse-workspace\GazMonkeyGarage DB\gazmonkey_objectDB.odb' is opened by 12528@UTILISA-FOR22SK

[2023-01-26 12:24:18 #7 store] 
Configuration path: ?

[2023-01-26 12:24:18 #8 type] 
Type modelos.Reparacion is not enhanced.

[2023-01-26 12:24:18 #9 type] 
Type modelos.ReparacionMecanica is not enhanced.

[2023-01-26 12:24:18 #10 store] 
Database 'C:\Users\Administrateur\eclipse-workspace\GazMonkeyGarage DB\gazmonkey_objectDB.odb' is closed by 12528@UTILISA-FOR22SK

[2023-01-26 12:24:50 #11 store] 
Database 'C:\Users\Administrateur\eclipse-workspace\GazMonkeyGarage DB\gazmonkey_objectDB.odb' is opened by 12528@UTILISA-FOR22SK

[2023-01-26 12:24:50 #12 store] 
Configuration path: ?

[2023-01-26 12:24:50 #13 store] 
Database 'C:\Users\Administrateur\eclipse-workspace\GazMonkeyGarage DB\gazmonkey_objectDB.odb' is closed by 12528@UTILISA-FOR22SK

[2023-01-26 12:24:50 #14 store] 
Database 'C:\Users\Administrateur\eclipse-workspace\GazMonkeyGarage DB\gazmonkey_objectDB.odb' is opened by 12528@UTILISA-FOR22SK

[2023-01-26 12:24:50 #15 store] 
Configuration path: ?

[2023-01-26 12:24:50 #16 type] 
Type modelos.ReparacionChapaPintura is not enhanced.

[2023-01-26 12:24:50 #17 store] 
Database 'C:\Users\Administrateur\eclipse-workspace\GazMonkeyGarage DB\gazmonkey_objectDB.odb' is closed by 12528@UTILISA-FOR22SK

------------------------------------------------------------------------------------------------------------------------

[2023-01-26 12:25:53 #1 store] 
Database 'C:\Users\Administrateur\eclipse-workspace\GazMonkeyGarage DB\gazmonkey_objectDB.odb' is opened by 10456@UTILISA-FOR22SK

[2023-01-26 12:25:53 #2 store] 
Configuration path: ?

[2023-01-26 12:25:53 #3 type] 
Type modelos.Trabajo is not enhanced.

[2023-01-26 12:25:53 #4 type] 
Type modelos.Revision is not enhanced.

[2023-01-26 12:25:53 #5 type] 
Type modelos.Reparacion is not enhanced.

[2023-01-26 12:25:53 #6 type] 
Type modelos.ReparacionMecanica is not enhanced.

[2023-01-26 12:25:53 #7 type] 
Type modelos.ReparacionChapaPintura is not enhanced.

[2023-01-26 12:25:53 #8 store] 
Database 'C:\Users\Administrateur\eclipse-workspace\GazMonkeyGarage DB\gazmonkey_objectDB.odb' is closed by 10456@UTILISA-FOR22SK

[2023-01-26 12:25:53 #9 store] 
Database 'C:\Users\Administrateur\eclipse-workspace\GazMonkeyGarage DB\gazmonkey_objectDB.odb' is opened by 10456@UTILISA-FOR22SK

[2023-01-26 12:25:53 #10 store] 
Configuration path: ?

[2023-01-26 12:25:53 #11 store] 
Database 'C:\Users\Administrateur\eclipse-workspace\GazMonkeyGarage DB\gazmonkey_objectDB.odb' is closed by 10456@UTILISA-FOR22SK

[2023-01-26 12:26:04 #12 store] 
Database 'C:\Users\Administrateur\eclipse-workspace\GazMonkeyGarage DB\gazmonkey_objectDB.odb' is opened by 10456@UTILISA-FOR22SK

[2023-01-26 12:26:04 #13 store] 
Configuration path: ?

[2023-01-26 12:26:04 #14 store] 
Database 'C:\Users\Administrateur\eclipse-workspace\GazMonkeyGarage DB\gazmonkey_objectDB.odb' is closed by 10456@UTILISA-FOR22SK

[2023-01-26 12:26:04 #15 store] 
Database 'C:\Users\Administrateur\eclipse-workspace\GazMonkeyGarage DB\gazmonkey_objectDB.odb' is opened by 10456@UTILISA-FOR22SK

[2023-01-26 12:26:04 #16 store] 
Configuration path: ?

[2023-01-26 12:26:04 #17 store] 
Database 'C:\Users\Administrateur\eclipse-workspace\GazMonkeyGarage DB\gazmonkey_objectDB.odb' is closed by 10456@UTILISA-FOR22SK

[2023-01-26 12:26:04 #18 store] 
Database 'C:\Users\Administrateur\eclipse-workspace\GazMonkeyGarage DB\gazmonkey_objectDB.odb' is opened by 10456@UTILISA-FOR22SK

[2023-01-26 12:26:04 #19 store] 
Configuration path: ?

[2023-01-26 12:26:04 #20 store] 
Database 'C:\Users\Administrateur\eclipse-workspace\GazMonkeyGarage DB\gazmonkey_objectDB.odb' is closed by 10456@UTILISA-FOR22SK

[2023-01-26 12:26:14 #21 store] 
Database 'C:\Users\Administrateur\eclipse-workspace\GazMonkeyGarage DB\gazmonkey_objectDB.odb' is opened by 10456@UTILISA-FOR22SK

[2023-01-26 12:26:14 #22 store] 
Configuration path: ?

[2023-01-26 12:26:14 #23 store] 
Database 'C:\Users\Administrateur\eclipse-workspace\GazMonkeyGarage DB\gazmonkey_objectDB.odb' is closed by 10456@UTILISA-FOR22SK

[2023-01-26 12:28:53 #24 store] 
Database 'C:\Users\Administrateur\eclipse-workspace\GazMonkeyGarage DB\gazmonkey_objectDB.odb' is opened by 10456@UTILISA-FOR22SK

[2023-01-26 12:28:53 #25 store] 
Configuration path: ?

[2023-01-26 12:28:53 #26 store] 
Database 'C:\Users\Administrateur\eclipse-workspace\GazMonkeyGarage DB\gazmonkey_objectDB.odb' is closed by 10456@UTILISA-FOR22SK

[2023-01-26 12:28:53 #27 store] 
Database 'C:\Users\Administrateur\eclipse-workspace\GazMonkeyGarage DB\gazmonkey_objectDB.odb' is opened by 10456@UTILISA-FOR22SK

[2023-01-26 12:28:53 #28 store] 
Configuration path: ?

[2023-01-26 12:28:53 #29 store] 
Database 'C:\Users\Administrateur\eclipse-workspace\GazMonkeyGarage DB\gazmonkey_objectDB.odb' is closed by 10456@UTILISA-FOR22SK

[2023-01-26 12:28:53 #30 store] 
Database 'C:\Users\Administrateur\eclipse-workspace\GazMonkeyGarage DB\gazmonkey_objectDB.odb' is opened by 10456@UTILISA-FOR22SK

[2023-01-26 12:28:53 #31 store] 
Configuration path: ?

[2023-01-26 12:28:53 #32 store] 
Database 'C:\Users\Administrateur\eclipse-workspace\GazMonkeyGarage DB\gazmonkey_objectDB.odb' is closed by 10456@UTILISA-FOR22SK

[2023-01-26 12:28:57 #33 store] 
Database 'C:\Users\Administrateur\eclipse-workspace\GazMonkeyGarage DB\gazmonkey_objectDB.odb' is opened by 10456@UTILISA-FOR22SK

[2023-01-26 12:28:57 #34 store] 
Configuration path: ?

[2023-01-26 12:28:57 #35 store] 
Database 'C:\Users\Administrateur\eclipse-workspace\GazMonkeyGarage DB\gazmonkey_objectDB.odb' is closed by 10456@UTILISA-FOR22SK

[2023-01-26 12:28:57 #36 store] 
Database 'C:\Users\Administrateur\eclipse-workspace\GazMonkeyGarage DB\gazmonkey_objectDB.odb' is opened by 10456@UTILISA-FOR22SK

[2023-01-26 12:28:57 #37 store] 
Configuration path: ?

[2023-01-26 12:28:57 #38 store] 
Database 'C:\Users\Administrateur\eclipse-workspace\GazMonkeyGarage DB\gazmonkey_objectDB.odb' is closed by 10456@UTILISA-FOR22SK

------------------------------------------------------------------------------------------------------------------------

[2023-01-26 12:39:32 #1 store] 
Database 'C:\Users\Administrateur\eclipse-workspace\GazMonkeyGarage DB\gazmonkey_objectDB.odb' is opened by 7260@UTILISA-FOR22SK

[2023-01-26 12:39:32 #2 store] 
Configuration path: ?

[2023-01-26 12:39:32 #3 type] 
Type modelos.Trabajo is not enhanced.

[2023-01-26 12:39:32 #4 type] 
Type modelos.Revision is not enhanced.

[2023-01-26 12:39:32 #5 type] 
Type modelos.Reparacion is not enhanced.

[2023-01-26 12:39:32 #6 type] 
Type modelos.ReparacionMecanica is not enhanced.

[2023-01-26 12:39:32 #7 type] 
Type modelos.ReparacionChapaPintura is not enhanced.

[2023-01-26 12:39:32 #8 store] 
Database 'C:\Users\Administrateur\eclipse-workspace\GazMonkeyGarage DB\gazmonkey_objectDB.odb' is closed by 7260@UTILISA-FOR22SK

[2023-01-26 12:39:32 #9 store] 
Database 'C:\Users\Administrateur\eclipse-workspace\GazMonkeyGarage DB\gazmonkey_objectDB.odb' is opened by 7260@UTILISA-FOR22SK

[2023-01-26 12:39:32 #10 store] 
Configuration path: ?

[2023-01-26 12:39:32 #11 store] 
Database 'C:\Users\Administrateur\eclipse-workspace\GazMonkeyGarage DB\gazmonkey_objectDB.odb' is closed by 7260@UTILISA-FOR22SK

------------------------------------------------------------------------------------------------------------------------

[2023-01-26 12:39:50 #1 store] 
Database 'C:\Users\Administrateur\eclipse-workspace\GazMonkeyGarage DB\gazmonkey_objectDB.odb' is opened by 10608@UTILISA-FOR22SK

[2023-01-26 12:39:50 #2 store] 
Configuration path: ?

[2023-01-26 12:39:50 #3 type] 
Type modelos.Trabajo is not enhanced.

[2023-01-26 12:39:50 #4 type] 
Type modelos.Revision is not enhanced.

[2023-01-26 12:39:50 #5 type] 
Type modelos.Reparacion is not enhanced.

[2023-01-26 12:39:50 #6 type] 
Type modelos.ReparacionMecanica is not enhanced.

[2023-01-26 12:39:50 #7 type] 
Type modelos.ReparacionChapaPintura is not enhanced.

[2023-01-26 12:39:50 #8 store] 
Database 'C:\Users\Administrateur\eclipse-workspace\GazMonkeyGarage DB\gazmonkey_objectDB.odb' is closed by 10608@UTILISA-FOR22SK

[2023-01-26 12:39:50 #9 store] 
Database 'C:\Users\Administrateur\eclipse-workspace\GazMonkeyGarage DB\gazmonkey_objectDB.odb' is opened by 10608@UTILISA-FOR22SK

[2023-01-26 12:39:50 #10 store] 
Configuration path: ?

[2023-01-26 12:39:50 #11 store] 
Database 'C:\Users\Administrateur\eclipse-workspace\GazMonkeyGarage DB\gazmonkey_objectDB.odb' is closed by 10608@UTILISA-FOR22SK

[2023-01-26 12:39:50 #12 store] 
Database 'C:\Users\Administrateur\eclipse-workspace\GazMonkeyGarage DB\gazmonkey_objectDB.odb' is opened by 10608@UTILISA-FOR22SK

[2023-01-26 12:39:50 #13 store] 
Configuration path: ?

[2023-01-26 12:39:50 #14 store] 
Database 'C:\Users\Administrateur\eclipse-workspace\GazMonkeyGarage DB\gazmonkey_objectDB.odb' is closed by 10608@UTILISA-FOR22SK

[2023-01-26 12:40:05 #15 store] 
Database 'C:\Users\Administrateur\eclipse-workspace\GazMonkeyGarage DB\gazmonkey_objectDB.odb' is opened by 10608@UTILISA-FOR22SK

[2023-01-26 12:40:05 #16 store] 
Configuration path: ?

[2023-01-26 12:40:05 #17 store] 
Database 'C:\Users\Administrateur\eclipse-workspace\GazMonkeyGarage DB\gazmonkey_objectDB.odb' is closed by 10608@UTILISA-FOR22SK

[2023-01-26 12:40:05 #18 store] 
Database 'C:\Users\Administrateur\eclipse-workspace\GazMonkeyGarage DB\gazmonkey_objectDB.odb' is opened by 10608@UTILISA-FOR22SK

[2023-01-26 12:40:05 #19 store] 
Configuration path: ?

[2023-01-26 12:40:05 #20 store] 
Database 'C:\Users\Administrateur\eclipse-workspace\GazMonkeyGarage DB\gazmonkey_objectDB.odb' is closed by 10608@UTILISA-FOR22SK

[2023-01-26 12:40:13 #21 store] 
Database 'C:\Users\Administrateur\eclipse-workspace\GazMonkeyGarage DB\gazmonkey_objectDB.odb' is opened by 10608@UTILISA-FOR22SK

[2023-01-26 12:40:13 #22 store] 
Configuration path: ?

[2023-01-26 12:40:13 #23 store] 
Database 'C:\Users\Administrateur\eclipse-workspace\GazMonkeyGarage DB\gazmonkey_objectDB.odb' is closed by 10608@UTILISA-FOR22SK

[2023-01-26 12:40:13 #24 store] 
Database 'C:\Users\Administrateur\eclipse-workspace\GazMonkeyGarage DB\gazmonkey_objectDB.odb' is opened by 10608@UTILISA-FOR22SK

[2023-01-26 12:40:13 #25 store] 
Configuration path: ?

[2023-01-26 12:40:13 #26 store] 
Database 'C:\Users\Administrateur\eclipse-workspace\GazMonkeyGarage DB\gazmonkey_objectDB.odb' is closed by 10608@UTILISA-FOR22SK

[2023-01-26 12:40:13 #27 store] 
Database 'C:\Users\Administrateur\eclipse-workspace\GazMonkeyGarage DB\gazmonkey_objectDB.odb' is opened by 10608@UTILISA-FOR22SK

[2023-01-26 12:40:13 #28 store] 
Configuration path: ?

[2023-01-26 12:40:13 #29 store] 
Database 'C:\Users\Administrateur\eclipse-workspace\GazMonkeyGarage DB\gazmonkey_objectDB.odb' is closed by 10608@UTILISA-FOR22SK

[2023-01-26 12:40:19 #30 store] 
Database 'C:\Users\Administrateur\eclipse-workspace\GazMonkeyGarage DB\gazmonkey_objectDB.odb' is opened by 10608@UTILISA-FOR22SK

[2023-01-26 12:40:19 #31 store] 
Configuration path: ?

[2023-01-26 12:40:19 #32 store] 
Database 'C:\Users\Administrateur\eclipse-workspace\GazMonkeyGarage DB\gazmonkey_objectDB.odb' is closed by 10608@UTILISA-FOR22SK

[2023-01-26 12:40:19 #33 store] 
Database 'C:\Users\Administrateur\eclipse-workspace\GazMonkeyGarage DB\gazmonkey_objectDB.odb' is opened by 10608@UTILISA-FOR22SK

[2023-01-26 12:40:19 #34 store] 
Configuration path: ?

[2023-01-26 12:40:19 #35 store] 
Database 'C:\Users\Administrateur\eclipse-workspace\GazMonkeyGarage DB\gazmonkey_objectDB.odb' is closed by 10608@UTILISA-FOR22SK

[2023-01-26 12:40:56 #36 store] 
Database 'C:\Users\Administrateur\eclipse-workspace\GazMonkeyGarage DB\gazmonkey_objectDB.odb' is opened by 10608@UTILISA-FOR22SK

[2023-01-26 12:40:56 #37 store] 
Configuration path: ?

[2023-01-26 12:40:56 #38 store] 
Database 'C:\Users\Administrateur\eclipse-workspace\GazMonkeyGarage DB\gazmonkey_objectDB.odb' is closed by 10608@UTILISA-FOR22SK

[2023-01-26 12:40:56 #39 store] 
Database 'C:\Users\Administrateur\eclipse-workspace\GazMonkeyGarage DB\gazmonkey_objectDB.odb' is opened by 10608@UTILISA-FOR22SK

[2023-01-26 12:40:56 #40 store] 
Configuration path: ?

[2023-01-26 12:40:56 #41 store] 
Database 'C:\Users\Administrateur\eclipse-workspace\GazMonkeyGarage DB\gazmonkey_objectDB.odb' is closed by 10608@UTILISA-FOR22SK

[2023-01-26 12:41:14 #42 store] 
Database 'C:\Users\Administrateur\eclipse-workspace\GazMonkeyGarage DB\gazmonkey_objectDB.odb' is opened by 10608@UTILISA-FOR22SK

[2023-01-26 12:41:14 #43 store] 
Configuration path: ?

[2023-01-26 12:41:14 #44 store] 
Database 'C:\Users\Administrateur\eclipse-workspace\GazMonkeyGarage DB\gazmonkey_objectDB.odb' is closed by 10608@UTILISA-FOR22SK

[2023-01-26 12:41:14 #45 store] 
Database 'C:\Users\Administrateur\eclipse-workspace\GazMonkeyGarage DB\gazmonkey_objectDB.odb' is opened by 10608@UTILISA-FOR22SK

[2023-01-26 12:41:14 #46 store] 
Configuration path: ?

[2023-01-26 12:41:14 #47 store] 
Database 'C:\Users\Administrateur\eclipse-workspace\GazMonkeyGarage DB\gazmonkey_objectDB.odb' is closed by 10608@UTILISA-FOR22SK

[2023-01-26 12:41:14 #48 store] 
Database 'C:\Users\Administrateur\eclipse-workspace\GazMonkeyGarage DB\gazmonkey_objectDB.odb' is opened by 10608@UTILISA-FOR22SK

[2023-01-26 12:41:14 #49 store] 
Configuration path: ?

[2023-01-26 12:41:14 #50 store] 
Database 'C:\Users\Administrateur\eclipse-workspace\GazMonkeyGarage DB\gazmonkey_objectDB.odb' is closed by 10608@UTILISA-FOR22SK

[2023-01-26 12:41:24 #51 store] 
Database 'C:\Users\Administrateur\eclipse-workspace\GazMonkeyGarage DB\gazmonkey_objectDB.odb' is opened by 10608@UTILISA-FOR22SK

[2023-01-26 12:41:24 #52 store] 
Configuration path: ?

[2023-01-26 12:41:24 #53 store] 
Database 'C:\Users\Administrateur\eclipse-workspace\GazMonkeyGarage DB\gazmonkey_objectDB.odb' is closed by 10608@UTILISA-FOR22SK

[2023-01-26 12:41:45 #54 store] 
Database 'C:\Users\Administrateur\eclipse-workspace\GazMonkeyGarage DB\gazmonkey_objectDB.odb' is opened by 10608@UTILISA-FOR22SK

[2023-01-26 12:41:45 #55 store] 
Configuration path: ?

[2023-01-26 12:41:45 #56 store] 
Database 'C:\Users\Administrateur\eclipse-workspace\GazMonkeyGarage DB\gazmonkey_objectDB.odb' is closed by 10608@UTILISA-FOR22SK

[2023-01-26 12:41:45 #57 store] 
Database 'C:\Users\Administrateur\eclipse-workspace\GazMonkeyGarage DB\gazmonkey_objectDB.odb' is opened by 10608@UTILISA-FOR22SK

[2023-01-26 12:41:45 #58 store] 
Configuration path: ?

[2023-01-26 12:41:45 #59 store] 
Database 'C:\Users\Administrateur\eclipse-workspace\GazMonkeyGarage DB\gazmonkey_objectDB.odb' is closed by 10608@UTILISA-FOR22SK

[2023-01-26 12:41:49 #60 store] 
Database 'C:\Users\Administrateur\eclipse-workspace\GazMonkeyGarage DB\gazmonkey_objectDB.odb' is opened by 10608@UTILISA-FOR22SK

[2023-01-26 12:41:49 #61 store] 
Configuration path: ?

[2023-01-26 12:41:49 #62 store] 
Database 'C:\Users\Administrateur\eclipse-workspace\GazMonkeyGarage DB\gazmonkey_objectDB.odb' is closed by 10608@UTILISA-FOR22SK

[2023-01-26 12:41:49 #63 store] 
Database 'C:\Users\Administrateur\eclipse-workspace\GazMonkeyGarage DB\gazmonkey_objectDB.odb' is opened by 10608@UTILISA-FOR22SK

[2023-01-26 12:41:49 #64 store] 
Configuration path: ?

[2023-01-26 12:41:49 #65 store] 
Database 'C:\Users\Administrateur\eclipse-workspace\GazMonkeyGarage DB\gazmonkey_objectDB.odb' is closed by 10608@UTILISA-FOR22SK

[2023-01-26 12:41:49 #66 store] 
Database 'C:\Users\Administrateur\eclipse-workspace\GazMonkeyGarage DB\gazmonkey_objectDB.odb' is opened by 10608@UTILISA-FOR22SK

[2023-01-26 12:41:49 #67 store] 
Configuration path: ?

[2023-01-26 12:41:49 #68 store] 
Database 'C:\Users\Administrateur\eclipse-workspace\GazMonkeyGarage DB\gazmonkey_objectDB.odb' is closed by 10608@UTILISA-FOR22SK

[2023-01-26 12:41:51 #69 store] 
Database 'C:\Users\Administrateur\eclipse-workspace\GazMonkeyGarage DB\gazmonkey_objectDB.odb' is opened by 10608@UTILISA-FOR22SK

[2023-01-26 12:41:51 #70 store] 
Configuration path: ?

[2023-01-26 12:41:51 #71 store] 
Database 'C:\Users\Administrateur\eclipse-workspace\GazMonkeyGarage DB\gazmonkey_objectDB.odb' is closed by 10608@UTILISA-FOR22SK

[2023-01-26 12:41:51 #72 store] 
Database 'C:\Users\Administrateur\eclipse-workspace\GazMonkeyGarage DB\gazmonkey_objectDB.odb' is opened by 10608@UTILISA-FOR22SK

[2023-01-26 12:41:51 #73 store] 
Configuration path: ?

[2023-01-26 12:41:51 #74 store] 
Database 'C:\Users\Administrateur\eclipse-workspace\GazMonkeyGarage DB\gazmonkey_objectDB.odb' is closed by 10608@UTILISA-FOR22SK

