------------------------------------------------------------------------------------------------------------------------

[2023-01-25 20:16:20 #1 store] 
Database 'C:\Users\2DAM\eclipse-workspace\GazMonkeyGarage DB\gaz.odb' is opened by 14656@DESKTOP-G908T0F

[2023-01-25 20:16:20 #2 store] 
Configuration path: ?

[2023-01-25 20:16:21 #3 type] 
Type modelos.Trabajo is not enhanced.

[2023-01-25 20:16:21 #4 type] 
Type modelos.Revision is not enhanced.

[2023-01-25 20:16:21 #5 store] 
Database 'C:\Users\2DAM\eclipse-workspace\GazMonkeyGarage DB\gaz.odb' is closed by 14656@DESKTOP-G908T0F

[2023-01-25 20:16:21 #6 store] 
Database 'C:\Users\2DAM\eclipse-workspace\GazMonkeyGarage DB\gaz.odb' is opened by 14656@DESKTOP-G908T0F

[2023-01-25 20:16:21 #7 store] 
Configuration path: ?

[2023-01-25 20:16:21 #8 store] 
Database 'C:\Users\2DAM\eclipse-workspace\GazMonkeyGarage DB\gaz.odb' is closed by 14656@DESKTOP-G908T0F

[2023-01-25 20:16:36 #9 store] 
Database 'C:\Users\2DAM\eclipse-workspace\GazMonkeyGarage DB\gaz.odb' is opened by 14656@DESKTOP-G908T0F

[2023-01-25 20:16:36 #10 store] 
Configuration path: ?

[2023-01-25 20:16:36 #11 store] 
Database 'C:\Users\2DAM\eclipse-workspace\GazMonkeyGarage DB\gaz.odb' is closed by 14656@DESKTOP-G908T0F

[2023-01-25 20:16:36 #12 store] 
Database 'C:\Users\2DAM\eclipse-workspace\GazMonkeyGarage DB\gaz.odb' is opened by 14656@DESKTOP-G908T0F

[2023-01-25 20:16:36 #13 store] 
Configuration path: ?

[2023-01-25 20:16:36 #14 type] 
Type modelos.Reparacion is not enhanced.

[2023-01-25 20:16:36 #15 type] 
Type modelos.ReparacionMecanica is not enhanced.

[2023-01-25 20:16:36 #16 store] 
Database 'C:\Users\2DAM\eclipse-workspace\GazMonkeyGarage DB\gaz.odb' is closed by 14656@DESKTOP-G908T0F

------------------------------------------------------------------------------------------------------------------------

[2023-01-25 20:16:58 #1 store] 
Database 'C:\Users\2DAM\eclipse-workspace\GazMonkeyGarage DB\gaz.odb' is opened by 13700@DESKTOP-G908T0F

[2023-01-25 20:16:58 #2 store] 
Configuration path: ?

[2023-01-25 20:16:58 #3 type] 
Type modelos.Trabajo is not enhanced.

[2023-01-25 20:16:58 #4 type] 
Type modelos.Revision is not enhanced.

[2023-01-25 20:16:58 #5 type] 
Type modelos.Reparacion is not enhanced.

[2023-01-25 20:16:58 #6 type] 
Type modelos.ReparacionMecanica is not enhanced.

[2023-01-25 20:16:58 #7 store] 
Database 'C:\Users\2DAM\eclipse-workspace\GazMonkeyGarage DB\gaz.odb' is closed by 13700@DESKTOP-G908T0F

[2023-01-25 20:16:58 #8 store] 
Database 'C:\Users\2DAM\eclipse-workspace\GazMonkeyGarage DB\gaz.odb' is opened by 13700@DESKTOP-G908T0F

[2023-01-25 20:16:58 #9 store] 
Configuration path: ?

[2023-01-25 20:16:58 #10 store] 
Database 'C:\Users\2DAM\eclipse-workspace\GazMonkeyGarage DB\gaz.odb' is closed by 13700@DESKTOP-G908T0F

[2023-01-25 20:17:07 #11 store] 
Database 'C:\Users\2DAM\eclipse-workspace\GazMonkeyGarage DB\gaz.odb' is opened by 13700@DESKTOP-G908T0F

[2023-01-25 20:17:07 #12 store] 
Configuration path: ?

[2023-01-25 20:17:07 #13 store] 
Database 'C:\Users\2DAM\eclipse-workspace\GazMonkeyGarage DB\gaz.odb' is closed by 13700@DESKTOP-G908T0F

[2023-01-25 20:17:07 #14 store] 
Database 'C:\Users\2DAM\eclipse-workspace\GazMonkeyGarage DB\gaz.odb' is opened by 13700@DESKTOP-G908T0F

[2023-01-25 20:17:07 #15 store] 
Configuration path: ?

[2023-01-25 20:17:07 #16 store] 
Database 'C:\Users\2DAM\eclipse-workspace\GazMonkeyGarage DB\gaz.odb' is closed by 13700@DESKTOP-G908T0F

[2023-01-25 20:17:13 #17 store] 
Database 'C:\Users\2DAM\eclipse-workspace\GazMonkeyGarage DB\gaz.odb' is opened by 13700@DESKTOP-G908T0F

[2023-01-25 20:17:13 #18 store] 
Configuration path: ?

[2023-01-25 20:17:13 #19 store] 
Database 'C:\Users\2DAM\eclipse-workspace\GazMonkeyGarage DB\gaz.odb' is closed by 13700@DESKTOP-G908T0F

[2023-01-25 20:17:13 #20 store] 
Database 'C:\Users\2DAM\eclipse-workspace\GazMonkeyGarage DB\gaz.odb' is opened by 13700@DESKTOP-G908T0F

[2023-01-25 20:17:13 #21 store] 
Configuration path: ?

[2023-01-25 20:17:13 #22 store] 
Database 'C:\Users\2DAM\eclipse-workspace\GazMonkeyGarage DB\gaz.odb' is closed by 13700@DESKTOP-G908T0F

[2023-01-25 20:17:13 #23 store] 
Database 'C:\Users\2DAM\eclipse-workspace\GazMonkeyGarage DB\gaz.odb' is opened by 13700@DESKTOP-G908T0F

[2023-01-25 20:17:13 #24 store] 
Configuration path: ?

[2023-01-25 20:17:13 #25 store] 
Database 'C:\Users\2DAM\eclipse-workspace\GazMonkeyGarage DB\gaz.odb' is closed by 13700@DESKTOP-G908T0F

[2023-01-25 20:17:16 #26 store] 
Database 'C:\Users\2DAM\eclipse-workspace\GazMonkeyGarage DB\gaz.odb' is opened by 13700@DESKTOP-G908T0F

[2023-01-25 20:17:16 #27 store] 
Configuration path: ?

[2023-01-25 20:17:16 #28 store] 
Database 'C:\Users\2DAM\eclipse-workspace\GazMonkeyGarage DB\gaz.odb' is closed by 13700@DESKTOP-G908T0F

[2023-01-25 20:17:16 #29 store] 
Database 'C:\Users\2DAM\eclipse-workspace\GazMonkeyGarage DB\gaz.odb' is opened by 13700@DESKTOP-G908T0F

[2023-01-25 20:17:16 #30 store] 
Configuration path: ?

[2023-01-25 20:17:16 #31 store] 
Database 'C:\Users\2DAM\eclipse-workspace\GazMonkeyGarage DB\gaz.odb' is closed by 13700@DESKTOP-G908T0F

